<?xml version="1.0" encoding="UTF-8"?>
<testsuite xmlns:xsi="http://www.w3.org/2001/XMLSchema-instance" xsi:noNamespaceSchemaLocation="https://maven.apache.org/surefire/maven-surefire-plugin/xsd/surefire-test-report.xsd" name="one.digitalinnovation.gof.LabPadroesProjetoSpringApplicationTests" time="0.873" tests="1" errors="1" skipped="0" failures="0">
  <properties>
[...]
</properties>
  <testcase name="one.digitalinnovation.gof.LabPadroesProjetoSpringApplicationTests" classname="one.digitalinnovation.gof.LabPadroesProjetoSpringApplicationTests" time="0.87">
    <error message="Failed to read candidate component class: file [C:\Users\vinic\OneDrive\Documentos\SantanderBootcamp\SpringBoot\lab-padroes-projeto-spring\target\test-classes\one\digitalinnovation\gof\LabPadroesProjetoSpringApplicationTests.class]; nested exception is org.springframework.core.NestedIOException: ASM ClassReader failed to parse class file - probably due to a new Java class file version that isn&apos;t supported yet: file [C:\Users\vinic\OneDrive\Documentos\SantanderBootcamp\SpringBoot\lab-padroes-projeto-spring\target\test-classes\one\digitalinnovation\gof\LabPadroesProjetoSpringApplicationTests.class]; nested exception is java.lang.IllegalArgumentException: Unsupported class file major version 65" type="org.springframework.beans.factory.BeanDefinitionStoreException">org.springframework.beans.factory.BeanDefinitionStoreException: Failed to read candidate component class: file [C:\Users\vinic\OneDrive\Documentos\SantanderBootcamp\SpringBoot\lab-padroes-projeto-spring\target\test-classes\one\digitalinnovation\gof\LabPadroesProjetoSpringApplicationTests.class]; nested exception is org.springframework.core.NestedIOException: ASM ClassReader failed to parse class file - probably due to a new Java class file version that isn't supported yet: file [C:\Users\vinic\OneDrive\Documentos\SantanderBootcamp\SpringBoot\lab-padroes-projeto-spring\target\test-classes\one\digitalinnovation\gof\LabPadroesProjetoSpringApplicationTests.class]; nested exception is java.lang.IllegalArgumentException: Unsupported class file major version 65
Caused by: org.springframework.core.NestedIOException: ASM ClassReader failed to parse class file - probably due to a new Java class file version that isn't supported yet: file [C:\Users\vinic\OneDrive\Documentos\SantanderBootcamp\SpringBoot\lab-padroes-projeto-spring\target\test-classes\one\digitalinnovation\gof\LabPadroesProjetoSpringApplicationTests.class]; nested exception is java.lang.IllegalArgumentException: Unsupported class file major version 65
Caused by: java.lang.IllegalArgumentException: Unsupported class file major version 65
</error>
    <system-out><![CDATA[15:19:59.411 [main] DEBUG org.springframework.test.context.BootstrapUtils - Instantiating CacheAwareContextLoaderDelegate from class [org.springframework.test.context.cache.DefaultCacheAwareContextLoaderDelegate]
15:19:59.463 [main] DEBUG org.springframework.test.context.BootstrapUtils - Instantiating BootstrapContext using constructor [public org.springframework.test.context.support.DefaultBootstrapContext(java.lang.Class,org.springframework.test.context.CacheAwareContextLoaderDelegate)]
15:19:59.655 [main] DEBUG org.springframework.test.context.BootstrapUtils - Instantiating TestContextBootstrapper for test class [one.digitalinnovation.gof.LabPadroesProjetoSpringApplicationTests] from class [org.springframework.boot.test.context.SpringBootTestContextBootstrapper]
15:19:59.707 [main] INFO org.springframework.boot.test.context.SpringBootTestContextBootstrapper - Neither @ContextConfiguration nor @ContextHierarchy found for test class [one.digitalinnovation.gof.LabPadroesProjetoSpringApplicationTests], using SpringBootContextLoader
15:19:59.723 [main] DEBUG org.springframework.test.context.support.AbstractContextLoader - Did not detect default resource location for test class [one.digitalinnovation.gof.LabPadroesProjetoSpringApplicationTests]: class path resource [one/digitalinnovation/gof/LabPadroesProjetoSpringApplicationTests-context.xml] does not exist
15:19:59.725 [main] DEBUG org.springframework.test.context.support.AbstractContextLoader - Did not detect default resource location for test class [one.digitalinnovation.gof.LabPadroesProjetoSpringApplicationTests]: class path resource [one/digitalinnovation/gof/LabPadroesProjetoSpringApplicationTestsContext.groovy] does not exist
15:19:59.727 [main] INFO org.springframework.test.context.support.AbstractContextLoader - Could not detect default resource locations for test class [one.digitalinnovation.gof.LabPadroesProjetoSpringApplicationTests]: no resource found for suffixes {-context.xml, Context.groovy}.
15:19:59.729 [main] INFO org.springframework.test.context.support.AnnotationConfigContextLoaderUtils - Could not detect default configuration classes for test class [one.digitalinnovation.gof.LabPadroesProjetoSpringApplicationTests]: LabPadroesProjetoSpringApplicationTests does not declare any static, non-private, non-final, nested classes annotated with @Configuration.
15:19:59.925 [main] DEBUG org.springframework.test.context.support.ActiveProfilesUtils - Could not find an 'annotation declaring class' for annotation type [org.springframework.test.context.ActiveProfiles] and class [one.digitalinnovation.gof.LabPadroesProjetoSpringApplicationTests]
]]></system-out>
  </testcase>
</testsuite>